0 info it worked if it ends with ok
1 verbose cli [ 'node',
1 verbose cli   '/usr/local/bin/npm',
1 verbose cli   'install',
1 verbose cli   '--save-dev',
1 verbose cli   'grunt-penthousesudo' ]
2 info using npm@1.4.28
3 info using node@v0.10.32
4 warn package.json sgWebsite@1.0.0 No README data
5 verbose readDependencies using package.json deps
6 verbose cache add [ 'grunt-penthousesudo', null ]
7 verbose cache add name=undefined spec="grunt-penthousesudo" args=["grunt-penthousesudo",null]
8 verbose parsed url { protocol: null,
8 verbose parsed url   slashes: null,
8 verbose parsed url   auth: null,
8 verbose parsed url   host: null,
8 verbose parsed url   port: null,
8 verbose parsed url   hostname: null,
8 verbose parsed url   hash: null,
8 verbose parsed url   search: null,
8 verbose parsed url   query: null,
8 verbose parsed url   pathname: 'grunt-penthousesudo',
8 verbose parsed url   path: 'grunt-penthousesudo',
8 verbose parsed url   href: 'grunt-penthousesudo' }
9 silly lockFile caf74f6b-grunt-penthousesudo grunt-penthousesudo
10 verbose lock grunt-penthousesudo /Users/gaellevuarraz/.npm/caf74f6b-grunt-penthousesudo.lock
11 silly lockFile caf74f6b-grunt-penthousesudo grunt-penthousesudo
12 silly lockFile caf74f6b-grunt-penthousesudo grunt-penthousesudo
13 verbose addNamed [ 'grunt-penthousesudo', '' ]
14 verbose addNamed [ null, '*' ]
15 silly lockFile e6c03301-grunt-penthousesudo grunt-penthousesudo@
16 verbose lock grunt-penthousesudo@ /Users/gaellevuarraz/.npm/e6c03301-grunt-penthousesudo.lock
17 silly addNameRange { name: 'grunt-penthousesudo', range: '*', hasData: false }
18 verbose request where is /grunt-penthousesudo
19 verbose request registry https://registry.npmjs.org/
20 verbose request id 0fbe3276e6ea2d4f
21 verbose url raw /grunt-penthousesudo
22 verbose url resolving [ 'https://registry.npmjs.org/', './grunt-penthousesudo' ]
23 verbose url resolved https://registry.npmjs.org/grunt-penthousesudo
24 verbose request where is https://registry.npmjs.org/grunt-penthousesudo
25 info trying registry request attempt 1 at 10:58:54
26 http GET https://registry.npmjs.org/grunt-penthousesudo
27 http 404 https://registry.npmjs.org/grunt-penthousesudo
28 verbose headers { date: 'Sun, 21 Dec 2014 09:58:54 GMT',
28 verbose headers   server: 'CouchDB/1.5.0 (Erlang OTP/R16B03)',
28 verbose headers   'content-type': 'application/json',
28 verbose headers   'cache-control': 'max-age=0',
28 verbose headers   'content-length': '52',
28 verbose headers   'accept-ranges': 'bytes',
28 verbose headers   via: '1.1 varnish',
28 verbose headers   age: '0',
28 verbose headers   'x-served-by': 'cache-fra1250-FRA',
28 verbose headers   'x-cache': 'MISS',
28 verbose headers   'x-cache-hits': '0',
28 verbose headers   'x-timer': 'S1419155934.560410,VS0,VE103',
28 verbose headers   'keep-alive': 'timeout=10, max=50',
28 verbose headers   connection: 'Keep-Alive' }
29 silly registry.get cb [ 404,
29 silly registry.get   { date: 'Sun, 21 Dec 2014 09:58:54 GMT',
29 silly registry.get     server: 'CouchDB/1.5.0 (Erlang OTP/R16B03)',
29 silly registry.get     'content-type': 'application/json',
29 silly registry.get     'cache-control': 'max-age=0',
29 silly registry.get     'content-length': '52',
29 silly registry.get     'accept-ranges': 'bytes',
29 silly registry.get     via: '1.1 varnish',
29 silly registry.get     age: '0',
29 silly registry.get     'x-served-by': 'cache-fra1250-FRA',
29 silly registry.get     'x-cache': 'MISS',
29 silly registry.get     'x-cache-hits': '0',
29 silly registry.get     'x-timer': 'S1419155934.560410,VS0,VE103',
29 silly registry.get     'keep-alive': 'timeout=10, max=50',
29 silly registry.get     connection: 'Keep-Alive' } ]
30 silly lockFile e6c03301-grunt-penthousesudo grunt-penthousesudo@
31 silly lockFile e6c03301-grunt-penthousesudo grunt-penthousesudo@
32 error 404 404 Not Found: grunt-penthousesudo
32 error 404
32 error 404 'grunt-penthousesudo' is not in the npm registry.
32 error 404 You should bug the author to publish it
32 error 404 It was specified as a dependency of 'sgWebsite'
32 error 404
32 error 404 Note that you can also install from a
32 error 404 tarball, folder, or http url, or git url.
33 error System Darwin 13.3.0
34 error command "node" "/usr/local/bin/npm" "install" "--save-dev" "grunt-penthousesudo"
35 error cwd /Users/gaellevuarraz/Desktop/bru/dev/stefanograssi
36 error node -v v0.10.32
37 error npm -v 1.4.28
38 error code E404
39 verbose exit [ 1, true ]
